<?xml version="1.0" encoding="UTF-8" ?>
<testsuite tests="11" failures="0" name="EndangeredAnimalTest" time="0.692" errors="0" skipped="0">
  <properties>
[...]
</properties>
  <testcase classname="EndangeredAnimalTest" name="EndangeredAnimal_instantiatesWithType_String" time="0.258"/>
  <testcase classname="EndangeredAnimalTest" name="all_returnsAllInstancesOfEndangeredAnimals_true" time="0.129"/>
  <testcase classname="EndangeredAnimalTest" name="delete_deletesEndangeredAnimal_true" time="0.037"/>
  <testcase classname="EndangeredAnimalTest" name="update_updateEndangeredAnimal_true" time="0.04"/>
  <testcase classname="EndangeredAnimalTest" name="equals_returnsTrueIfEndangeredAnimalsAreSame" time="0.055"/>
  <testcase classname="EndangeredAnimalTest" name="EndangeredAnimal_instantiatesCorrectly_true" time="0.007"/>
  <testcase classname="EndangeredAnimalTest" name="save_returnsTrueIfNamesAreTheSame" time="0.036"/>
  <testcase classname="EndangeredAnimalTest" name="EndangeredAnimal_instantiatesWithName_String" time="0.006"/>
  <testcase classname="EndangeredAnimalTest" name="EndangeredAnimal_instantiatesWithAnId" time="0.025"/>
  <testcase classname="EndangeredAnimalTest" name="save_savesCorrectly" time="0.044"/>
  <testcase classname="EndangeredAnimalTest" name="find_returnsEndangeredAnimalWIthSameID_secondEndangeredAnimal" time="0.055"/>
</testsuite>